<?xml version="1.0" encoding="UTF-8" ?>
<testsuite tests="19" failures="0" name="step_definitions.RunCukesTest" time="0.704" errors="0" skipped="0">
  <properties>
[...]
</properties>
  <testcase classname="Scenario: Filter Product and Checkout" name="Given user open the website sauce demo" time="0.002"/>
  <testcase classname="Scenario: Filter Product and Checkout" name="When user input &quot;standard_user&quot; as userName and input &quot;secret_sauce&quot; as password, character will be inputed" time="0"/>
  <testcase classname="Scenario: Filter Product and Checkout" name="Then user click login button" time="0"/>
  <testcase classname="Scenario: Filter Product and Checkout" name="When user select &quot;Name (Z to A)&quot; to FILTER PRODUCT item, product will be sorted by selected input" time="0"/>
  <testcase classname="Scenario: Filter Product and Checkout" name="And user pick item &quot;Sauce Labs Onesie,Test.allTheThings() T-Shirt (Red)&quot;" time="0"/>
  <testcase classname="Scenario: Filter Product and Checkout" name="When user has picked the products item, click Shopping Cart" time="0"/>
  <testcase classname="Scenario: Filter Product and Checkout" name="Then user will be redirected to page titled &quot;YOUR CART&quot;" time="0"/>
  <testcase classname="Scenario: Filter Product and Checkout" name="Then verify picked item &quot;Sauce Labs Onesie,Test.allTheThings() T-Shirt (Red)&quot;" time="0"/>
  <testcase classname="Scenario: Filter Product and Checkout" name="When user click remove item &quot;Test.allTheThings() T-Shirt (Red)&quot;" time="0"/>
  <testcase classname="Scenario: Filter Product and Checkout" name="Then verify picked item &quot;Sauce Labs Onesie&quot;" time="0"/>
  <testcase classname="Scenario: Filter Product and Checkout" name="When user click Checkout Button" time="0"/>
  <testcase classname="Scenario: Filter Product and Checkout" name="Then user will be redirected to page titled &quot;CHECKOUT: YOUR INFORMATION&quot;" time="0"/>
  <testcase classname="Scenario: Filter Product and Checkout" name="When user need to input Information First Name/Last Name/Postal Code :&quot;firstName&quot;/&quot;lastName&quot;/&quot;postalCode&quot;" time="0"/>
  <testcase classname="Scenario: Filter Product and Checkout" name="When user click Continue Button" time="0"/>
  <testcase classname="Scenario: Filter Product and Checkout" name="Then user will be redirected to page titled &quot;CHECKOUT: OVERVIEW&quot;" time="0"/>
  <testcase classname="Scenario: Filter Product and Checkout" name="Then verify product Name &quot;Sauce Labs Onesie&quot;" time="0"/>
  <testcase classname="Scenario: Filter Product and Checkout" name="When user click Finish Button" time="0"/>
  <testcase classname="Scenario: Filter Product and Checkout" name="Then user will be redirected to page titled &quot;CHECKOUT: COMPLETE!&quot;" time="0"/>
  <testcase classname="Scenario: Filter Product and Checkout" name="Scenario: Filter Product and Checkout" time="0.702"/>
</testsuite>